2020-08-01T07:46:56+00:00 CRITICAL Uncaught Error: Call to undefined function saasland_limit_latter() in /home/admin/web/willybiz.co.ke/public_html/wp-content/plugins/saasland-core/wp-widgets/widget-recent-posts.php:118
Stack trace:
#0 /home/admin/web/willybiz.co.ke/public_html/wp-includes/class-wp-widget.php(380): Saasland_Recent_Posts->widget(Array, Array)
#1 /home/admin/web/willybiz.co.ke/public_html/wp-includes/widgets.php(805): WP_Widget->display_callback(Array, Array)
#2 /home/admin/web/willybiz.co.ke/public_html/wp-content/themes/gordon/sidebar.php(16): dynamic_sidebar('sidebar_widgets')
#3 /home/admin/web/willybiz.co.ke/public_html/wp-includes/template.php(723): require_once('/home/admin/web...')
#4 /home/admin/web/willybiz.co.ke/public_html/wp-includes/template.php(672): load_template('/home/admin/web...', true)
#5 /home/admin/web/willybiz.co.ke/public_html/wp-includes/general-template.php(111): locate_template(Array, true)
#6 /home/admin/web/willybiz.co.ke/public_html/wp-content/themes/gordon/footer.php(17): get_sidebar()
#7 /home/ad in /home/admin/web/willybiz.co.ke/public_html/wp-content/plugins/saasland-core/wp-widgets/widget-recent-posts.php on line 118

2020-08-01T07:47:18+00:00 CRITICAL Uncaught Error: Call to undefined function saasland_limit_latter() in /home/admin/web/willybiz.co.ke/public_html/wp-content/plugins/saasland-core/wp-widgets/widget-recent-posts.php:118
Stack trace:
#0 /home/admin/web/willybiz.co.ke/public_html/wp-includes/class-wp-widget.php(380): Saasland_Recent_Posts->widget(Array, Array)
#1 /home/admin/web/willybiz.co.ke/public_html/wp-includes/widgets.php(805): WP_Widget->display_callback(Array, Array)
#2 /home/admin/web/willybiz.co.ke/public_html/wp-content/themes/gordon/sidebar.php(16): dynamic_sidebar('sidebar_widgets')
#3 /home/admin/web/willybiz.co.ke/public_html/wp-includes/template.php(723): require_once('/home/admin/web...')
#4 /home/admin/web/willybiz.co.ke/public_html/wp-includes/template.php(672): load_template('/home/admin/web...', true)
#5 /home/admin/web/willybiz.co.ke/public_html/wp-includes/general-template.php(111): locate_template(Array, true)
#6 /home/admin/web/willybiz.co.ke/public_html/wp-content/themes/gordon/footer.php(17): get_sidebar()
#7 /home/ad in /home/admin/web/willybiz.co.ke/public_html/wp-content/plugins/saasland-core/wp-widgets/widget-recent-posts.php on line 118

2020-08-01T07:47:29+00:00 CRITICAL Uncaught Error: Call to undefined function saasland_limit_latter() in /home/admin/web/willybiz.co.ke/public_html/wp-content/plugins/saasland-core/wp-widgets/widget-recent-posts.php:118
Stack trace:
#0 /home/admin/web/willybiz.co.ke/public_html/wp-includes/class-wp-widget.php(380): Saasland_Recent_Posts->widget(Array, Array)
#1 /home/admin/web/willybiz.co.ke/public_html/wp-includes/widgets.php(805): WP_Widget->display_callback(Array, Array)
#2 /home/admin/web/willybiz.co.ke/public_html/wp-content/themes/gordon/sidebar.php(16): dynamic_sidebar('sidebar_widgets')
#3 /home/admin/web/willybiz.co.ke/public_html/wp-includes/template.php(723): require_once('/home/admin/web...')
#4 /home/admin/web/willybiz.co.ke/public_html/wp-includes/template.php(672): load_template('/home/admin/web...', true)
#5 /home/admin/web/willybiz.co.ke/public_html/wp-includes/general-template.php(111): locate_template(Array, true)
#6 /home/admin/web/willybiz.co.ke/public_html/wp-content/themes/gordon/footer.php(17): get_sidebar()
#7 /home/ad in /home/admin/web/willybiz.co.ke/public_html/wp-content/plugins/saasland-core/wp-widgets/widget-recent-posts.php on line 118

2020-08-01T07:47:33+00:00 CRITICAL Uncaught Error: Call to undefined function saasland_limit_latter() in /home/admin/web/willybiz.co.ke/public_html/wp-content/plugins/saasland-core/wp-widgets/widget-recent-posts.php:118
Stack trace:
#0 /home/admin/web/willybiz.co.ke/public_html/wp-includes/class-wp-widget.php(380): Saasland_Recent_Posts->widget(Array, Array)
#1 /home/admin/web/willybiz.co.ke/public_html/wp-includes/widgets.php(805): WP_Widget->display_callback(Array, Array)
#2 /home/admin/web/willybiz.co.ke/public_html/wp-content/themes/gordon/sidebar.php(16): dynamic_sidebar('sidebar_widgets')
#3 /home/admin/web/willybiz.co.ke/public_html/wp-includes/template.php(723): require_once('/home/admin/web...')
#4 /home/admin/web/willybiz.co.ke/public_html/wp-includes/template.php(672): load_template('/home/admin/web...', true)
#5 /home/admin/web/willybiz.co.ke/public_html/wp-includes/general-template.php(111): locate_template(Array, true)
#6 /home/admin/web/willybiz.co.ke/public_html/wp-content/themes/gordon/footer.php(17): get_sidebar()
#7 /home/ad in /home/admin/web/willybiz.co.ke/public_html/wp-content/plugins/saasland-core/wp-widgets/widget-recent-posts.php on line 118

2020-08-01T08:00:14+00:00 CRITICAL Uncaught Error: Call to undefined function saasland_limit_latter() in /home/admin/web/willybiz.co.ke/public_html/wp-content/plugins/saasland-core/wp-widgets/widget-recent-posts.php:118
Stack trace:
#0 /home/admin/web/willybiz.co.ke/public_html/wp-includes/class-wp-widget.php(380): Saasland_Recent_Posts->widget(Array, Array)
#1 /home/admin/web/willybiz.co.ke/public_html/wp-includes/widgets.php(805): WP_Widget->display_callback(Array, Array)
#2 /home/admin/web/willybiz.co.ke/public_html/wp-content/themes/twentyseventeen/sidebar.php(19): dynamic_sidebar('sidebar-1')
#3 /home/admin/web/willybiz.co.ke/public_html/wp-includes/template.php(723): require_once('/home/admin/web...')
#4 /home/admin/web/willybiz.co.ke/public_html/wp-includes/template.php(672): load_template('/home/admin/web...', true)
#5 /home/admin/web/willybiz.co.ke/public_html/wp-includes/general-template.php(111): locate_template(Array, true)
#6 /home/admin/web/willybiz.co.ke/public_html/wp-content/themes/twentyseventeen/index.php(68): get_sidebar()
 in /home/admin/web/willybiz.co.ke/public_html/wp-content/plugins/saasland-core/wp-widgets/widget-recent-posts.php on line 118

2020-08-01T08:01:17+00:00 CRITICAL Uncaught Error: Call to undefined function saasland_limit_latter() in /home/admin/web/willybiz.co.ke/public_html/wp-content/plugins/saasland-core/wp-widgets/widget-recent-posts.php:118
Stack trace:
#0 /home/admin/web/willybiz.co.ke/public_html/wp-includes/class-wp-widget.php(380): Saasland_Recent_Posts->widget(Array, Array)
#1 /home/admin/web/willybiz.co.ke/public_html/wp-includes/widgets.php(805): WP_Widget->display_callback(Array, Array)
#2 /home/admin/web/willybiz.co.ke/public_html/wp-content/themes/twentyseventeen/sidebar.php(19): dynamic_sidebar('sidebar-1')
#3 /home/admin/web/willybiz.co.ke/public_html/wp-includes/template.php(723): require_once('/home/admin/web...')
#4 /home/admin/web/willybiz.co.ke/public_html/wp-includes/template.php(672): load_template('/home/admin/web...', true)
#5 /home/admin/web/willybiz.co.ke/public_html/wp-includes/general-template.php(111): locate_template(Array, true)
#6 /home/admin/web/willybiz.co.ke/public_html/wp-content/themes/twentyseventeen/index.php(68): get_sidebar()
 in /home/admin/web/willybiz.co.ke/public_html/wp-content/plugins/saasland-core/wp-widgets/widget-recent-posts.php on line 118

2020-08-01T08:02:11+00:00 CRITICAL Uncaught Error: Call to undefined function saasland_limit_latter() in /home/admin/web/willybiz.co.ke/public_html/wp-content/plugins/saasland-core/wp-widgets/widget-recent-posts.php:118
Stack trace:
#0 /home/admin/web/willybiz.co.ke/public_html/wp-includes/class-wp-widget.php(380): Saasland_Recent_Posts->widget(Array, Array)
#1 /home/admin/web/willybiz.co.ke/public_html/wp-includes/widgets.php(805): WP_Widget->display_callback(Array, Array)
#2 /home/admin/web/willybiz.co.ke/public_html/wp-content/themes/twentyseventeen/sidebar.php(19): dynamic_sidebar('sidebar-1')
#3 /home/admin/web/willybiz.co.ke/public_html/wp-includes/template.php(723): require_once('/home/admin/web...')
#4 /home/admin/web/willybiz.co.ke/public_html/wp-includes/template.php(672): load_template('/home/admin/web...', true)
#5 /home/admin/web/willybiz.co.ke/public_html/wp-includes/general-template.php(111): locate_template(Array, true)
#6 /home/admin/web/willybiz.co.ke/public_html/wp-content/themes/twentyseventeen/index.php(68): get_sidebar()
 in /home/admin/web/willybiz.co.ke/public_html/wp-content/plugins/saasland-core/wp-widgets/widget-recent-posts.php on line 118

