2019-08-20T07:43:08+00:00 CRITICAL Uncaught Error: Call to undefined function trx_addons_sc_stack_push() in /var/www/vhosts/gerasko.dv.ancorathemes.com/gordon.gerasko.dv.ancorathemes.com/wp-content/plugins/trx_addons/cpt/layouts/layouts.php:323
Stack trace:
#0 /var/www/vhosts/gerasko.dv.ancorathemes.com/gordon.gerasko.dv.ancorathemes.com/wp-includes/class-wp-hook.php(286): trx_addons_cpt_layouts_show_layout('19')
#1 /var/www/vhosts/gerasko.dv.ancorathemes.com/gordon.gerasko.dv.ancorathemes.com/wp-includes/class-wp-hook.php(310): WP_Hook->apply_filters('', Array)
#2 /var/www/vhosts/gerasko.dv.ancorathemes.com/gordon.gerasko.dv.ancorathemes.com/wp-includes/plugin.php(465): WP_Hook->do_action(Array)
#3 /var/www/vhosts/gerasko.dv.ancorathemes.com/gordon.gerasko.dv.ancorathemes.com/wp-content/themes/gordon/plugins/trx_addons/trx_addons.php(1131): do_action('trx_addons_acti...', '19')
#4 /var/www/vhosts/gerasko.dv.ancorathemes.com/gordon.gerasko.dv.ancorathemes.com/wp-includes/class-wp-hook.php(286): gordon_trx_addons_action_show_layout('19')
#5 /va in /var/www/vhosts/gerasko.dv.ancorathemes.com/gordon.gerasko.dv.ancorathemes.com/wp-content/plugins/trx_addons/cpt/layouts/layouts.php on line 323

2019-08-20T07:43:12+00:00 CRITICAL Uncaught Error: Call to undefined function trx_addons_sc_stack_push() in /var/www/vhosts/gerasko.dv.ancorathemes.com/gordon.gerasko.dv.ancorathemes.com/wp-content/plugins/trx_addons/cpt/layouts/layouts.php:323
Stack trace:
#0 /var/www/vhosts/gerasko.dv.ancorathemes.com/gordon.gerasko.dv.ancorathemes.com/wp-includes/class-wp-hook.php(286): trx_addons_cpt_layouts_show_layout('19')
#1 /var/www/vhosts/gerasko.dv.ancorathemes.com/gordon.gerasko.dv.ancorathemes.com/wp-includes/class-wp-hook.php(310): WP_Hook->apply_filters('', Array)
#2 /var/www/vhosts/gerasko.dv.ancorathemes.com/gordon.gerasko.dv.ancorathemes.com/wp-includes/plugin.php(465): WP_Hook->do_action(Array)
#3 /var/www/vhosts/gerasko.dv.ancorathemes.com/gordon.gerasko.dv.ancorathemes.com/wp-content/themes/gordon/plugins/trx_addons/trx_addons.php(1131): do_action('trx_addons_acti...', '19')
#4 /var/www/vhosts/gerasko.dv.ancorathemes.com/gordon.gerasko.dv.ancorathemes.com/wp-includes/class-wp-hook.php(286): gordon_trx_addons_action_show_layout('19')
#5 /va in /var/www/vhosts/gerasko.dv.ancorathemes.com/gordon.gerasko.dv.ancorathemes.com/wp-content/plugins/trx_addons/cpt/layouts/layouts.php on line 323

2019-08-20T07:44:40+00:00 CRITICAL Uncaught Error: Call to undefined function trx_addons_sc_stack_push() in /var/www/vhosts/gerasko.dv.ancorathemes.com/gordon.gerasko.dv.ancorathemes.com/wp-content/plugins/trx_addons/cpt/layouts/layouts.php:323
Stack trace:
#0 /var/www/vhosts/gerasko.dv.ancorathemes.com/gordon.gerasko.dv.ancorathemes.com/wp-includes/class-wp-hook.php(286): trx_addons_cpt_layouts_show_layout('19')
#1 /var/www/vhosts/gerasko.dv.ancorathemes.com/gordon.gerasko.dv.ancorathemes.com/wp-includes/class-wp-hook.php(310): WP_Hook->apply_filters('', Array)
#2 /var/www/vhosts/gerasko.dv.ancorathemes.com/gordon.gerasko.dv.ancorathemes.com/wp-includes/plugin.php(465): WP_Hook->do_action(Array)
#3 /var/www/vhosts/gerasko.dv.ancorathemes.com/gordon.gerasko.dv.ancorathemes.com/wp-content/themes/gordon/plugins/trx_addons/trx_addons.php(1131): do_action('trx_addons_acti...', '19')
#4 /var/www/vhosts/gerasko.dv.ancorathemes.com/gordon.gerasko.dv.ancorathemes.com/wp-includes/class-wp-hook.php(286): gordon_trx_addons_action_show_layout('19')
#5 /va in /var/www/vhosts/gerasko.dv.ancorathemes.com/gordon.gerasko.dv.ancorathemes.com/wp-content/plugins/trx_addons/cpt/layouts/layouts.php on line 323

